


ARM Macro Assembler    Page 1 


    1 00000000         ;;;;;;;;;;;;;;;;;;;;;;;;;;;;;;;;;;;;;;;;;;;;;;;;;;;;;;;;
                       ;;;;;;;;;;;;;;;;;;;;;;;;
    2 00000000         ; Copyright (C) 2017 Maxim Integrated Products, Inc., Al
                       l Rights Reserved.
    3 00000000         ;
    4 00000000         ; Permission is hereby granted, free of charge, to any p
                       erson obtaining a
    5 00000000         ; copy of this software and associated documentation fil
                       es (the "Software"),
    6 00000000         ; to deal in the Software without restriction, including
                        without limitation
    7 00000000         ; the rights to use, copy, modify, merge, publish, distr
                       ibute, sublicense,
    8 00000000         ; and/or sell copies of the Software, and to permit pers
                       ons to whom the
    9 00000000         ; Software is furnished to do so, subject to the followi
                       ng conditions:
   10 00000000         ;
   11 00000000         ; The above copyright notice and this permission notice 
                       shall be included
   12 00000000         ; in all copies or substantial portions of the Software.
                       
   13 00000000         ;
   14 00000000         ; THE SOFTWARE IS PROVIDED "AS IS", WITHOUT WARRANTY OF 
                       ANY KIND, EXPRESS
   15 00000000         ; OR IMPLIED, INCLUDING BUT NOT LIMITED TO THE WARRANTIE
                       S OF
   16 00000000         ; MERCHANTABILITY, FITNESS FOR A PARTICULAR PURPOSE AND 
                       NONINFRINGEMENT.
   17 00000000         ; IN NO EVENT SHALL MAXIM INTEGRATED BE LIABLE FOR ANY C
                       LAIM, DAMAGES
   18 00000000         ; OR OTHER LIABILITY, WHETHER IN AN ACTION OF CONTRACT, 
                       TORT OR OTHERWISE,
   19 00000000         ; ARISING FROM, OUT OF OR IN CONNECTION WITH THE SOFTWAR
                       E OR THE USE OR
   20 00000000         ; OTHER DEALINGS IN THE SOFTWARE.
   21 00000000         ;
   22 00000000         ; Except as contained in this notice, the name of Maxim 
                       Integrated
   23 00000000         ; Products, Inc. shall not be used except as stated in t
                       he Maxim Integrated
   24 00000000         ; Products, Inc. Branding Policy.
   25 00000000         ;
   26 00000000         ; The mere transfer of this software does not imply any 
                       licenses
   27 00000000         ; of trade secrets, proprietary technology, copyrights, 
                       patents,
   28 00000000         ; trademarks, maskwork rights, or any other form of inte
                       llectual
   29 00000000         ; property whatsoever. Maxim Integrated Products, Inc. r
                       etains all
   30 00000000         ; ownership rights.
   31 00000000         ;;;;;;;;;;;;;;;;;;;;;;;;;;;;;;;;;;;;;;;;;;;;;;;;;;;;;;;;
                       ;;;;;;;;;;;;;;;;;;;;;;;
   32 00000000         
   33 00000000         ; To map FreeRTOS function names to their CMSIS equivale
                       nts add following lines to FreeRTOSConfig.h
   34 00000000         ; #define vPortSVCHandler SVC_Handler
   35 00000000         ; #define xPortPendSVHandler PendSV_Handler



ARM Macro Assembler    Page 2 


   36 00000000         ; #define xPortSysTickHandler SysTick_Handler
   37 00000000         ; *------- <<< Use Configuration Wizard in Context Menu 
                       to Modify Stack Size and Heap Size. >>> ----
   38 00000000         
   39 00000000         ; <h> Stack Configuration
   40 00000000         ;   <o> Stack Size (in Bytes) <0x0-0xFFFFFFFF:8>
   41 00000000         ; </h>
   42 00000000         
   43 00000000 00000800 
                       Stack_Size
                               EQU              0x00000800
   44 00000000         
   45 00000000                 AREA             STACK, NOINIT, READWRITE, ALIGN
=3
   46 00000000         Stack_Mem
                               SPACE            Stack_Size
   47 00000800         __initial_sp                         ; ARMCC: name is se
                                                            t to work with Micr
                                                            oLib
   48 00000800         
   49 00000800         ; <h> Heap Configuration
   50 00000800         ;   <o>  Heap Size (in Bytes) <0x0-0xFFFFFFFF:8>
   51 00000800         ; </h>
   52 00000800         
   53 00000800 00000800 
                       Heap_Size
                               EQU              0x00000800
   54 00000800         
   55 00000800                 AREA             HEAP, NOINIT, READWRITE, ALIGN=
3
   56 00000000         __heap_base
   57 00000000         Heap_Mem
                               SPACE            Heap_Size
   58 00000800         __heap_limit
   59 00000800         
   60 00000800                 PRESERVE8
   61 00000800                 THUMB
   62 00000800         
   63 00000800         
   64 00000800         ; Vector Table Mapped to Address 0 at Reset
   65 00000800                 AREA             RESET, DATA, READONLY
   66 00000000                 EXPORT           __Vectors
   67 00000000                 EXPORT           __Vectors_End
   68 00000000                 EXPORT           __Vectors_Size
   69 00000000                 EXPORT           __isr_vector
   70 00000000         
   71 00000000         ; Core Level - CM4                  ; Most names are to 
                       help the FreeRTOS port.
   72 00000000         __isr_vector
   73 00000000 00000000 
                       __Vectors
                               DCD              __initial_sp ; Top of Stack
   74 00000004 00000000        DCD              Reset_Handler ; Reset Handler
   75 00000008 00000000        DCD              NMI_Handler ; NMI Handler
   76 0000000C 00000000        DCD              HardFault_Handler ; Hard Fault 
                                                            Handler
   77 00000010 00000000        DCD              MemManage_Handler 
                                                            ; MPU Fault Handler
                                                            



ARM Macro Assembler    Page 3 


   78 00000014 00000000        DCD              BusFault_Handler 
                                                            ; Bus Fault Handler
                                                            
   79 00000018 00000000        DCD              UsageFault_Handler ; Usage Faul
                                                            t Handler
   80 0000001C 00000000        DCD              0           ; Reserved
   81 00000020 00000000        DCD              0           ; Reserved
   82 00000024 00000000        DCD              0           ; Reserved
   83 00000028 00000000        DCD              0           ; Reserved
   84 0000002C 00000000        DCD              SVC_Handler ; SVCall Handler
   85 00000030 00000000        DCD              DebugMon_Handler ; Debug Monito
                                                            r Handler
   86 00000034 00000000        DCD              0           ; Reserved
   87 00000038 00000000        DCD              PendSV_Handler ; PendSV Handler
                                                            
   88 0000003C 00000000        DCD              SysTick_Handler 
                                                            ; SysTick Handler
   89 00000040         
   90 00000040         ; Maxim 3263X Externals interrupts
   91 00000040 00000000        DCD              CLKMAN_IRQHandler 
                                                            ; 16:00 CLKMAN
   92 00000044 00000000        DCD              PWRMAN_IRQHandler 
                                                            ; 17:01 PWRMAN
   93 00000048 00000000        DCD              FLC_IRQHandler ; 18:02 Flash Co
                                                            ntroller
   94 0000004C 00000000        DCD              RTC0_IRQHandler 
                                                            ; 19:03 RTC INT0
   95 00000050 00000000        DCD              RTC1_IRQHandler 
                                                            ; 20:04 RTC INT1
   96 00000054 00000000        DCD              RTC2_IRQHandler 
                                                            ; 21:05 RTC INT2
   97 00000058 00000000        DCD              RTC3_IRQHandler 
                                                            ; 22:06 RTC INT3
   98 0000005C 00000000        DCD              PMU_IRQHandler ; 23:07 PMU
   99 00000060 00000000        DCD              USB_IRQHandler ; 24:08 USB
  100 00000064 00000000        DCD              AES_IRQHandler ; 25:09 AES
  101 00000068 00000000        DCD              MAA_IRQHandler ; 26:10 MAA
  102 0000006C 00000000        DCD              WDT0_IRQHandler 
                                                            ; 27:11 WATCHDOG0
  103 00000070 00000000        DCD              WDT0_P_IRQHandler ; 28:12 WATCH
                                                            DOG0 PRE-WINDOW
  104 00000074 00000000        DCD              WDT1_IRQHandler 
                                                            ; 29:13 WATCHDOG1
  105 00000078 00000000        DCD              WDT1_P_IRQHandler ; 30:14 WATCH
                                                            DOG1 PRE-WINDOW
  106 0000007C 00000000        DCD              GPIO_P0_IRQHandler 
                                                            ; 31:15 GPIO Port 0
                                                            
  107 00000080 00000000        DCD              GPIO_P1_IRQHandler 
                                                            ; 32:16 GPIO Port 1
                                                            
  108 00000084 00000000        DCD              GPIO_P2_IRQHandler 
                                                            ; 33:17 GPIO Port 2
                                                            
  109 00000088 00000000        DCD              GPIO_P3_IRQHandler 
                                                            ; 34:18 GPIO Port 3
                                                            
  110 0000008C 00000000        DCD              GPIO_P4_IRQHandler 
                                                            ; 35:19 GPIO Port 4



ARM Macro Assembler    Page 4 


                                                            
  111 00000090 00000000        DCD              GPIO_P5_IRQHandler 
                                                            ; 36:20 GPIO Port 5
                                                            
  112 00000094 00000000        DCD              GPIO_P6_IRQHandler 
                                                            ; 37:21 GPIO Port 6
                                                            
  113 00000098 00000000        DCD              TMR0_IRQHandler 
                                                            ; 38:22 Timer32-0
  114 0000009C 00000000        DCD              TMR16_0_IRQHandler 
                                                            ; 39:23 Timer16-s0
  115 000000A0 00000000        DCD              TMR1_IRQHandler 
                                                            ; 40:24 Timer32-1
  116 000000A4 00000000        DCD              TMR16_1_IRQHandler 
                                                            ; 41:25 Timer16-s1
  117 000000A8 00000000        DCD              TMR2_IRQHandler 
                                                            ; 42:26 Timer32-2
  118 000000AC 00000000        DCD              TMR16_2_IRQHandler 
                                                            ; 43:27 Timer16-s2
  119 000000B0 00000000        DCD              TMR3_IRQHandler 
                                                            ; 44:28 Timer32-3
  120 000000B4 00000000        DCD              TMR16_3_IRQHandler 
                                                            ; 45:29 Timer16-s3
  121 000000B8 00000000        DCD              TMR4_IRQHandler 
                                                            ; 46:30 Timer32-4
  122 000000BC 00000000        DCD              TMR16_4_IRQHandler 
                                                            ; 47:31 Timer16-s4
  123 000000C0 00000000        DCD              TMR5_IRQHandler 
                                                            ; 48:32 Timer32-5
  124 000000C4 00000000        DCD              TMR16_5_IRQHandler 
                                                            ; 49:33 Timer16-s5
  125 000000C8 00000000        DCD              UART0_IRQHandler ; 50:34 UART0
  126 000000CC 00000000        DCD              UART1_IRQHandler ; 51:35 UART1
  127 000000D0 00000000        DCD              UART2_IRQHandler ; 52:36 UART2
  128 000000D4 00000000        DCD              UART3_IRQHandler ; 53:37 UART3
  129 000000D8 00000000        DCD              PT_IRQHandler ; 54:38 PT
  130 000000DC 00000000        DCD              I2CM0_IRQHandler ; 55:39 I2C Ma
                                                            ster 0
  131 000000E0 00000000        DCD              I2CM1_IRQHandler ; 56:40 I2C Ma
                                                            ster 1
  132 000000E4 00000000        DCD              I2CM2_IRQHandler ; 57:41 I2C Ma
                                                            ster 2
  133 000000E8 00000000        DCD              I2CS_IRQHandler 
                                                            ; 58:42 I2C Slave
  134 000000EC 00000000        DCD              SPIM0_IRQHandler ; 59:43 SPIM0
  135 000000F0 00000000        DCD              SPIM1_IRQHandler ; 60:44 SPIM1
  136 000000F4 00000000        DCD              SPIM2_IRQHandler ; 61:45 SPIM2
  137 000000F8 00000000        DCD              SPIB_IRQHandler 
                                                            ; 62:46 SPI Bridge
  138 000000FC 00000000        DCD              OWM_IRQHandler 
                                                            ; 63:47 OWM Master
  139 00000100 00000000        DCD              AFE_IRQHandler ; 64:48 AFE
  140 00000104 00000000        DCD              SPIS_IRQHandler 
                                                            ; 65:49 SPI Slave
  141 00000108 00000000        DCD              GPIO_P7_IRQHandler 
                                                            ; 66:50 GPIO Port 7
                                                            
  142 0000010C 00000000        DCD              GPIO_P8_IRQHandler 
                                                            ; 67:51 GPIO Port 8



ARM Macro Assembler    Page 5 


                                                            
  143 00000110         __Vectors_End
  144 00000110         
  145 00000110 00000110 
                       __Vectors_Size
                               EQU              __Vectors_End - __Vectors
  146 00000110         
  147 00000110                 AREA             |.text|, CODE, READONLY
  148 00000000         
  149 00000000         Reset_Handler
                               PROC
  150 00000000                 EXPORT           Reset_Handler           [WEAK]
  151 00000000                 IMPORT           PreInit
  152 00000000                 IMPORT           SystemInit
  153 00000000                 IMPORT           __main
  154 00000000         
  155 00000000 4809            LDR              R0, =PreInit
  156 00000002 4780            BLX              R0
  157 00000004 4809            LDR              R0, =SystemInit
  158 00000006 4780            BLX              R0
  159 00000008 4809            LDR              R0, =__main
  160 0000000A 4700            BX               R0
  161 0000000C         __SPIN
  162 0000000C BF30            WFI
  163 0000000E F7FF FFFD       BL               __SPIN
  164 00000012                 ENDP
  165 00000012         
  166 00000012         ; Dummy Exception Handlers (infinite loops which can be 
                       modified)
  167 00000012         
  168 00000012         NMI_Handler
                               PROC
  169 00000012                 EXPORT           NMI_Handler             [WEAK]
  170 00000012 E7FE            B                NMI_Handler
  171 00000014                 ENDP
  172 00000014         
  174 00000014         HardFault_Handler
                               PROC
  175 00000014                 EXPORT           HardFault_Handler       [WEAK]
  176 00000014 E7FE            B                .
  177 00000016                 ENDP
  178 00000016         
  180 00000016         MemManage_Handler
                               PROC
  181 00000016                 EXPORT           MemManage_Handler       [WEAK]
  182 00000016 E7FE            B                .
  183 00000018                 ENDP
  184 00000018         
  186 00000018         BusFault_Handler
                               PROC
  187 00000018                 EXPORT           BusFault_Handler        [WEAK]
  188 00000018 E7FE            B                .
  189 0000001A                 ENDP
  190 0000001A         
  192 0000001A         UsageFault_Handler
                               PROC
  193 0000001A                 EXPORT           UsageFault_Handler      [WEAK]
  194 0000001A E7FE            B                .
  195 0000001C                 ENDP



ARM Macro Assembler    Page 6 


  196 0000001C         
  198 0000001C         SVC_Handler
                               PROC
  199 0000001C                 EXPORT           SVC_Handler             [WEAK]
  200 0000001C E7FE            B                .
  201 0000001E                 ENDP
  202 0000001E         
  204 0000001E         DebugMon_Handler
                               PROC
  205 0000001E                 EXPORT           DebugMon_Handler        [WEAK]
  206 0000001E E7FE            B                .
  207 00000020                 ENDP
  208 00000020         
  210 00000020         PendSV_Handler
                               PROC
  211 00000020                 EXPORT           PendSV_Handler          [WEAK]
  212 00000020 E7FE            B                .
  213 00000022                 ENDP
  214 00000022         
  216 00000022         SysTick_Handler
                               PROC
  217 00000022                 EXPORT           SysTick_Handler         [WEAK]
  218 00000022 E7FE            B                .
  219 00000024                 ENDP
  220 00000024         
  222 00000024         Default_Handler
                               PROC
  223 00000024         ; MAX32625 Interrupts
  224 00000024                 EXPORT           CLKMAN_IRQHandler       [WEAK] 
                                                            ; 16:00 CLKMAN
  225 00000024                 EXPORT           PWRMAN_IRQHandler       [WEAK] 
                                                            ; 17:01 PWRMAN
  226 00000024                 EXPORT           FLC_IRQHandler          [WEAK] 
                                                            ; 18:02 Flash Contr
                                                            oller
  227 00000024                 EXPORT           RTC0_IRQHandler         [WEAK] 
                                                            ; 19:03 RTC INT0
  228 00000024                 EXPORT           RTC1_IRQHandler         [WEAK] 
                                                            ; 20:04 RTC INT1
  229 00000024                 EXPORT           RTC2_IRQHandler         [WEAK] 
                                                            ; 21:05 RTC INT2
  230 00000024                 EXPORT           RTC3_IRQHandler         [WEAK] 
                                                            ; 22:06 RTC INT3
  231 00000024                 EXPORT           PMU_IRQHandler          [WEAK] 
                                                            ; 23:07 PMU
  232 00000024                 EXPORT           USB_IRQHandler          [WEAK] 
                                                            ; 24:08 USB
  233 00000024                 EXPORT           AES_IRQHandler          [WEAK] 
                                                            ; 25:09 AES
  234 00000024                 EXPORT           MAA_IRQHandler          [WEAK] 
                                                            ; 26:10 MAA
  235 00000024                 EXPORT           WDT0_IRQHandler         [WEAK] 
                                                            ; 27:11 WATCHDOG0
  236 00000024                 EXPORT           WDT0_P_IRQHandler       [WEAK] 
                                                            ; 28:12 WATCHDOG0 P
                                                            RE-WINDOW
  237 00000024                 EXPORT           WDT1_IRQHandler         [WEAK] 
                                                            ; 29:13 WATCHDOG1
  238 00000024                 EXPORT           WDT1_P_IRQHandler       [WEAK] 



ARM Macro Assembler    Page 7 


                                                            ; 30:14 WATCHDOG1 P
                                                            RE-WINDOW
  239 00000024                 EXPORT           GPIO_P0_IRQHandler      [WEAK] 
                                                            ; 31:15 GPIO Port 0
                                                            
  240 00000024                 EXPORT           GPIO_P1_IRQHandler      [WEAK] 
                                                            ; 32:16 GPIO Port 1
                                                            
  241 00000024                 EXPORT           GPIO_P2_IRQHandler      [WEAK] 
                                                            ; 33:17 GPIO Port 2
                                                            
  242 00000024                 EXPORT           GPIO_P3_IRQHandler      [WEAK] 
                                                            ; 34:18 GPIO Port 3
                                                            
  243 00000024                 EXPORT           GPIO_P4_IRQHandler      [WEAK] 
                                                            ; 35:19 GPIO Port 4
                                                            
  244 00000024                 EXPORT           GPIO_P5_IRQHandler      [WEAK] 
                                                            ; 36:20 GPIO Port 5
                                                            
  245 00000024                 EXPORT           GPIO_P6_IRQHandler      [WEAK] 
                                                            ; 37:21 GPIO Port 6
                                                            
  246 00000024                 EXPORT           TMR0_IRQHandler         [WEAK] 
                                                            ; 38:22 Timer32-0
  247 00000024                 EXPORT           TMR16_0_IRQHandler      [WEAK] 
                                                            ; 39:23 Timer16-s0
  248 00000024                 EXPORT           TMR1_IRQHandler         [WEAK] 
                                                            ; 40:24 Timer32-1
  249 00000024                 EXPORT           TMR16_1_IRQHandler      [WEAK] 
                                                            ; 41:25 Timer16-s1
  250 00000024                 EXPORT           TMR2_IRQHandler         [WEAK] 
                                                            ; 42:26 Timer32-2
  251 00000024                 EXPORT           TMR16_2_IRQHandler      [WEAK] 
                                                            ; 43:27 Timer16-s2
  252 00000024                 EXPORT           TMR3_IRQHandler         [WEAK] 
                                                            ; 44:28 Timer32-3
  253 00000024                 EXPORT           TMR16_3_IRQHandler      [WEAK] 
                                                            ; 45:29 Timer16-s3
  254 00000024                 EXPORT           TMR4_IRQHandler         [WEAK] 
                                                            ; 46:30 Timer32-4
  255 00000024                 EXPORT           TMR16_4_IRQHandler      [WEAK] 
                                                            ; 47:31 Timer16-s4
  256 00000024                 EXPORT           TMR5_IRQHandler         [WEAK] 
                                                            ; 48:32 Timer32-5
  257 00000024                 EXPORT           TMR16_5_IRQHandler      [WEAK] 
                                                            ; 49:33 Timer16-s5
  258 00000024                 EXPORT           UART0_IRQHandler        [WEAK] 
                                                            ; 50:34 UART0
  259 00000024                 EXPORT           UART1_IRQHandler        [WEAK] 
                                                            ; 51:35 UART1
  260 00000024                 EXPORT           UART2_IRQHandler       [WEAK] 
                                                            ; 52:36 UART2
  261 00000024                 EXPORT           UART3_IRQHandler       [WEAK] 
                                                            ; 53:37 UART3
  262 00000024                 EXPORT           PT_IRQHandler           [WEAK] 
                                                            ; 54:38 PT
  263 00000024                 EXPORT           I2CM0_IRQHandler        [WEAK] 
                                                            ; 55:39 I2C Master 



ARM Macro Assembler    Page 8 


                                                            0
  264 00000024                 EXPORT           I2CM1_IRQHandler        [WEAK] 
                                                            ; 56:40 I2C Master 
                                                            1
  265 00000024                 EXPORT           I2CM2_IRQHandler        [WEAK] 
                                                            ; 57:41 I2C Master 
                                                            2
  266 00000024                 EXPORT           I2CS_IRQHandler         [WEAK] 
                                                            ; 58:42 I2C Slave
  267 00000024                 EXPORT           SPIM0_IRQHandler        [WEAK] 
                                                            ; 59:43 SPIM0
  268 00000024                 EXPORT           SPIM1_IRQHandler        [WEAK] 
                                                            ; 60:44 SPIM1
  269 00000024                 EXPORT           SPIM2_IRQHandler        [WEAK] 
                                                            ; 61:45 SPIM2
  270 00000024                 EXPORT           SPIB_IRQHandler         [WEAK] 
                                                            ; 62:46 SPI Bridge
  271 00000024                 EXPORT           OWM_IRQHandler          [WEAK] 
                                                            ; 63:47 SPI Bridge
  272 00000024                 EXPORT           AFE_IRQHandler          [WEAK] 
                                                            ; 64:48 AFE
  273 00000024                 EXPORT           SPIS_IRQHandler         [WEAK] 
                                                            ; 65:49 SPI Slave
  274 00000024                 EXPORT           GPIO_P7_IRQHandler      [WEAK] 
                                                            ; 66:50 GPIO Port 7
                                                            
  275 00000024                 EXPORT           GPIO_P8_IRQHandler      [WEAK] 
                                                            ; 67:51 GPIO Port 8
                                                            
  276 00000024         
  277 00000024         CLKMAN_IRQHandler
  278 00000024         PWRMAN_IRQHandler
  279 00000024         FLC_IRQHandler
  280 00000024         RTC0_IRQHandler
  281 00000024         RTC1_IRQHandler
  282 00000024         RTC2_IRQHandler
  283 00000024         RTC3_IRQHandler
  284 00000024         PMU_IRQHandler
  285 00000024         USB_IRQHandler
  286 00000024         AES_IRQHandler
  287 00000024         MAA_IRQHandler
  288 00000024         WDT0_IRQHandler
  289 00000024         WDT0_P_IRQHandler
  290 00000024         WDT1_IRQHandler
  291 00000024         WDT1_P_IRQHandler
  292 00000024         GPIO_P0_IRQHandler
  293 00000024         GPIO_P1_IRQHandler
  294 00000024         GPIO_P2_IRQHandler
  295 00000024         GPIO_P3_IRQHandler
  296 00000024         GPIO_P4_IRQHandler
  297 00000024         GPIO_P5_IRQHandler
  298 00000024         GPIO_P6_IRQHandler
  299 00000024         TMR0_IRQHandler
  300 00000024         TMR16_0_IRQHandler
  301 00000024         TMR1_IRQHandler
  302 00000024         TMR16_1_IRQHandler
  303 00000024         TMR2_IRQHandler
  304 00000024         TMR16_2_IRQHandler
  305 00000024         TMR3_IRQHandler



ARM Macro Assembler    Page 9 


  306 00000024         TMR16_3_IRQHandler
  307 00000024         TMR4_IRQHandler
  308 00000024         TMR16_4_IRQHandler
  309 00000024         TMR5_IRQHandler
  310 00000024         TMR16_5_IRQHandler
  311 00000024         UART0_IRQHandler
  312 00000024         UART1_IRQHandler
  313 00000024         UART2_IRQHandler
  314 00000024         UART3_IRQHandler
  315 00000024         PT_IRQHandler
  316 00000024         I2CM0_IRQHandler
  317 00000024         I2CM1_IRQHandler
  318 00000024         I2CM2_IRQHandler
  319 00000024         I2CS_IRQHandler
  320 00000024         SPIM0_IRQHandler
  321 00000024         SPIM1_IRQHandler
  322 00000024         SPIM2_IRQHandler
  323 00000024         SPIB_IRQHandler
  324 00000024         OWM_IRQHandler
  325 00000024         AFE_IRQHandler
  326 00000024         SPIS_IRQHandler
  327 00000024         GPIO_P7_IRQHandler
  328 00000024         GPIO_P8_IRQHandler
  329 00000024         
  330 00000024 E7FE            B                .
  331 00000026                 ENDP
  332 00000026         
  333 00000026 00 00           ALIGN
  334 00000028         
  335 00000028         ;*******************************************************
                       ************************
  336 00000028         ; User Stack and Heap initialization
  337 00000028         ;*******************************************************
                       ************************
  338 00000028                 IF               :DEF:__MICROLIB
  339 00000028         
  340 00000028                 EXPORT           __initial_sp
  341 00000028                 EXPORT           __heap_base
  342 00000028                 EXPORT           __heap_limit
  343 00000028         
  344 00000028                 ELSE
  361                          ENDIF
  362 00000028         
  363 00000028                 END
              00000000 
              00000000 
              00000000 
Command Line: --debug --xref --diag_suppress=9931 --cpu=Cortex-M4.fp --apcs=int
erwork --depend=.\objects\startup_max32625.d -o.\objects\startup_max32625.o -I.
\RTE\Device\MAX32625 -I.\RTE\HAL\MAX32625 -I.\RTE\_Target_1 -IC:\Keil_v5\ARM\PA
CK\ARM\CMSIS\5.0.1\CMSIS\Include -IC:\Keil_v5\ARM\PACK\Maxim\MAX32625\1.1.0-a\B
oards\Maxim\MAX32625_EVKIT\Common\EvKit_V1\Include -IC:\Keil_v5\ARM\PACK\Maxim\
MAX32625\1.1.0-a\Boards\Maxim\MAX32625_EVKIT\Common\Include -IC:\Keil_v5\ARM\PA
CK\Maxim\MAX32625\1.1.0-a\Libraries\Device\Maxim\MAX32625\Include -IC:\Keil_v5\
ARM\PACK\Maxim\MAX32625\1.1.0-a\Libraries\MAX32625PeriphDriver\Include --predef
ine="__MICROLIB SETA 1" --predefine="__UVISION_VERSION SETA 525" --predefine="_
RTE_ SETA 1" --predefine="MAX32625 SETA 1" --list=.\listings\startup_max32625.l
st RTE\Device\MAX32625\startup_max32625.s



ARM Macro Assembler    Page 1 Alphabetic symbol ordering
Relocatable symbols

STACK 00000000

Symbol: STACK
   Definitions
      At line 45 in file RTE\Device\MAX32625\startup_max32625.s
   Uses
      None
Comment: STACK unused
Stack_Mem 00000000

Symbol: Stack_Mem
   Definitions
      At line 46 in file RTE\Device\MAX32625\startup_max32625.s
   Uses
      None
Comment: Stack_Mem unused
__initial_sp 00000800

Symbol: __initial_sp
   Definitions
      At line 47 in file RTE\Device\MAX32625\startup_max32625.s
   Uses
      At line 73 in file RTE\Device\MAX32625\startup_max32625.s
      At line 340 in file RTE\Device\MAX32625\startup_max32625.s

3 symbols



ARM Macro Assembler    Page 1 Alphabetic symbol ordering
Relocatable symbols

HEAP 00000000

Symbol: HEAP
   Definitions
      At line 55 in file RTE\Device\MAX32625\startup_max32625.s
   Uses
      None
Comment: HEAP unused
Heap_Mem 00000000

Symbol: Heap_Mem
   Definitions
      At line 57 in file RTE\Device\MAX32625\startup_max32625.s
   Uses
      None
Comment: Heap_Mem unused
__heap_base 00000000

Symbol: __heap_base
   Definitions
      At line 56 in file RTE\Device\MAX32625\startup_max32625.s
   Uses
      At line 341 in file RTE\Device\MAX32625\startup_max32625.s
Comment: __heap_base used once
__heap_limit 00000800

Symbol: __heap_limit
   Definitions
      At line 58 in file RTE\Device\MAX32625\startup_max32625.s
   Uses
      At line 342 in file RTE\Device\MAX32625\startup_max32625.s
Comment: __heap_limit used once
4 symbols



ARM Macro Assembler    Page 1 Alphabetic symbol ordering
Relocatable symbols

RESET 00000000

Symbol: RESET
   Definitions
      At line 65 in file RTE\Device\MAX32625\startup_max32625.s
   Uses
      None
Comment: RESET unused
__Vectors 00000000

Symbol: __Vectors
   Definitions
      At line 73 in file RTE\Device\MAX32625\startup_max32625.s
   Uses
      At line 66 in file RTE\Device\MAX32625\startup_max32625.s
      At line 145 in file RTE\Device\MAX32625\startup_max32625.s

__Vectors_End 00000110

Symbol: __Vectors_End
   Definitions
      At line 143 in file RTE\Device\MAX32625\startup_max32625.s
   Uses
      At line 67 in file RTE\Device\MAX32625\startup_max32625.s
      At line 145 in file RTE\Device\MAX32625\startup_max32625.s

__isr_vector 00000000

Symbol: __isr_vector
   Definitions
      At line 72 in file RTE\Device\MAX32625\startup_max32625.s
   Uses
      At line 69 in file RTE\Device\MAX32625\startup_max32625.s
Comment: __isr_vector used once
4 symbols



ARM Macro Assembler    Page 1 Alphabetic symbol ordering
Relocatable symbols

.text 00000000

Symbol: .text
   Definitions
      At line 147 in file RTE\Device\MAX32625\startup_max32625.s
   Uses
      None
Comment: .text unused
AES_IRQHandler 00000024

Symbol: AES_IRQHandler
   Definitions
      At line 286 in file RTE\Device\MAX32625\startup_max32625.s
   Uses
      At line 100 in file RTE\Device\MAX32625\startup_max32625.s
      At line 233 in file RTE\Device\MAX32625\startup_max32625.s

AFE_IRQHandler 00000024

Symbol: AFE_IRQHandler
   Definitions
      At line 325 in file RTE\Device\MAX32625\startup_max32625.s
   Uses
      At line 139 in file RTE\Device\MAX32625\startup_max32625.s
      At line 272 in file RTE\Device\MAX32625\startup_max32625.s

BusFault_Handler 00000018

Symbol: BusFault_Handler
   Definitions
      At line 186 in file RTE\Device\MAX32625\startup_max32625.s
   Uses
      At line 78 in file RTE\Device\MAX32625\startup_max32625.s
      At line 187 in file RTE\Device\MAX32625\startup_max32625.s

CLKMAN_IRQHandler 00000024

Symbol: CLKMAN_IRQHandler
   Definitions
      At line 277 in file RTE\Device\MAX32625\startup_max32625.s
   Uses
      At line 91 in file RTE\Device\MAX32625\startup_max32625.s
      At line 224 in file RTE\Device\MAX32625\startup_max32625.s

DebugMon_Handler 0000001E

Symbol: DebugMon_Handler
   Definitions
      At line 204 in file RTE\Device\MAX32625\startup_max32625.s
   Uses
      At line 85 in file RTE\Device\MAX32625\startup_max32625.s
      At line 205 in file RTE\Device\MAX32625\startup_max32625.s

Default_Handler 00000024

Symbol: Default_Handler
   Definitions
      At line 222 in file RTE\Device\MAX32625\startup_max32625.s
   Uses



ARM Macro Assembler    Page 2 Alphabetic symbol ordering
Relocatable symbols

      None
Comment: Default_Handler unused
FLC_IRQHandler 00000024

Symbol: FLC_IRQHandler
   Definitions
      At line 279 in file RTE\Device\MAX32625\startup_max32625.s
   Uses
      At line 93 in file RTE\Device\MAX32625\startup_max32625.s
      At line 226 in file RTE\Device\MAX32625\startup_max32625.s

GPIO_P0_IRQHandler 00000024

Symbol: GPIO_P0_IRQHandler
   Definitions
      At line 292 in file RTE\Device\MAX32625\startup_max32625.s
   Uses
      At line 106 in file RTE\Device\MAX32625\startup_max32625.s
      At line 239 in file RTE\Device\MAX32625\startup_max32625.s

GPIO_P1_IRQHandler 00000024

Symbol: GPIO_P1_IRQHandler
   Definitions
      At line 293 in file RTE\Device\MAX32625\startup_max32625.s
   Uses
      At line 107 in file RTE\Device\MAX32625\startup_max32625.s
      At line 240 in file RTE\Device\MAX32625\startup_max32625.s

GPIO_P2_IRQHandler 00000024

Symbol: GPIO_P2_IRQHandler
   Definitions
      At line 294 in file RTE\Device\MAX32625\startup_max32625.s
   Uses
      At line 108 in file RTE\Device\MAX32625\startup_max32625.s
      At line 241 in file RTE\Device\MAX32625\startup_max32625.s

GPIO_P3_IRQHandler 00000024

Symbol: GPIO_P3_IRQHandler
   Definitions
      At line 295 in file RTE\Device\MAX32625\startup_max32625.s
   Uses
      At line 109 in file RTE\Device\MAX32625\startup_max32625.s
      At line 242 in file RTE\Device\MAX32625\startup_max32625.s

GPIO_P4_IRQHandler 00000024

Symbol: GPIO_P4_IRQHandler
   Definitions
      At line 296 in file RTE\Device\MAX32625\startup_max32625.s
   Uses
      At line 110 in file RTE\Device\MAX32625\startup_max32625.s
      At line 243 in file RTE\Device\MAX32625\startup_max32625.s

GPIO_P5_IRQHandler 00000024

Symbol: GPIO_P5_IRQHandler



ARM Macro Assembler    Page 3 Alphabetic symbol ordering
Relocatable symbols

   Definitions
      At line 297 in file RTE\Device\MAX32625\startup_max32625.s
   Uses
      At line 111 in file RTE\Device\MAX32625\startup_max32625.s
      At line 244 in file RTE\Device\MAX32625\startup_max32625.s

GPIO_P6_IRQHandler 00000024

Symbol: GPIO_P6_IRQHandler
   Definitions
      At line 298 in file RTE\Device\MAX32625\startup_max32625.s
   Uses
      At line 112 in file RTE\Device\MAX32625\startup_max32625.s
      At line 245 in file RTE\Device\MAX32625\startup_max32625.s

GPIO_P7_IRQHandler 00000024

Symbol: GPIO_P7_IRQHandler
   Definitions
      At line 327 in file RTE\Device\MAX32625\startup_max32625.s
   Uses
      At line 141 in file RTE\Device\MAX32625\startup_max32625.s
      At line 274 in file RTE\Device\MAX32625\startup_max32625.s

GPIO_P8_IRQHandler 00000024

Symbol: GPIO_P8_IRQHandler
   Definitions
      At line 328 in file RTE\Device\MAX32625\startup_max32625.s
   Uses
      At line 142 in file RTE\Device\MAX32625\startup_max32625.s
      At line 275 in file RTE\Device\MAX32625\startup_max32625.s

HardFault_Handler 00000014

Symbol: HardFault_Handler
   Definitions
      At line 174 in file RTE\Device\MAX32625\startup_max32625.s
   Uses
      At line 76 in file RTE\Device\MAX32625\startup_max32625.s
      At line 175 in file RTE\Device\MAX32625\startup_max32625.s

I2CM0_IRQHandler 00000024

Symbol: I2CM0_IRQHandler
   Definitions
      At line 316 in file RTE\Device\MAX32625\startup_max32625.s
   Uses
      At line 130 in file RTE\Device\MAX32625\startup_max32625.s
      At line 263 in file RTE\Device\MAX32625\startup_max32625.s

I2CM1_IRQHandler 00000024

Symbol: I2CM1_IRQHandler
   Definitions
      At line 317 in file RTE\Device\MAX32625\startup_max32625.s
   Uses
      At line 131 in file RTE\Device\MAX32625\startup_max32625.s
      At line 264 in file RTE\Device\MAX32625\startup_max32625.s



ARM Macro Assembler    Page 4 Alphabetic symbol ordering
Relocatable symbols


I2CM2_IRQHandler 00000024

Symbol: I2CM2_IRQHandler
   Definitions
      At line 318 in file RTE\Device\MAX32625\startup_max32625.s
   Uses
      At line 132 in file RTE\Device\MAX32625\startup_max32625.s
      At line 265 in file RTE\Device\MAX32625\startup_max32625.s

I2CS_IRQHandler 00000024

Symbol: I2CS_IRQHandler
   Definitions
      At line 319 in file RTE\Device\MAX32625\startup_max32625.s
   Uses
      At line 133 in file RTE\Device\MAX32625\startup_max32625.s
      At line 266 in file RTE\Device\MAX32625\startup_max32625.s

MAA_IRQHandler 00000024

Symbol: MAA_IRQHandler
   Definitions
      At line 287 in file RTE\Device\MAX32625\startup_max32625.s
   Uses
      At line 101 in file RTE\Device\MAX32625\startup_max32625.s
      At line 234 in file RTE\Device\MAX32625\startup_max32625.s

MemManage_Handler 00000016

Symbol: MemManage_Handler
   Definitions
      At line 180 in file RTE\Device\MAX32625\startup_max32625.s
   Uses
      At line 77 in file RTE\Device\MAX32625\startup_max32625.s
      At line 181 in file RTE\Device\MAX32625\startup_max32625.s

NMI_Handler 00000012

Symbol: NMI_Handler
   Definitions
      At line 168 in file RTE\Device\MAX32625\startup_max32625.s
   Uses
      At line 75 in file RTE\Device\MAX32625\startup_max32625.s
      At line 169 in file RTE\Device\MAX32625\startup_max32625.s
      At line 170 in file RTE\Device\MAX32625\startup_max32625.s

OWM_IRQHandler 00000024

Symbol: OWM_IRQHandler
   Definitions
      At line 324 in file RTE\Device\MAX32625\startup_max32625.s
   Uses
      At line 138 in file RTE\Device\MAX32625\startup_max32625.s
      At line 271 in file RTE\Device\MAX32625\startup_max32625.s

PMU_IRQHandler 00000024

Symbol: PMU_IRQHandler



ARM Macro Assembler    Page 5 Alphabetic symbol ordering
Relocatable symbols

   Definitions
      At line 284 in file RTE\Device\MAX32625\startup_max32625.s
   Uses
      At line 98 in file RTE\Device\MAX32625\startup_max32625.s
      At line 231 in file RTE\Device\MAX32625\startup_max32625.s

PT_IRQHandler 00000024

Symbol: PT_IRQHandler
   Definitions
      At line 315 in file RTE\Device\MAX32625\startup_max32625.s
   Uses
      At line 129 in file RTE\Device\MAX32625\startup_max32625.s
      At line 262 in file RTE\Device\MAX32625\startup_max32625.s

PWRMAN_IRQHandler 00000024

Symbol: PWRMAN_IRQHandler
   Definitions
      At line 278 in file RTE\Device\MAX32625\startup_max32625.s
   Uses
      At line 92 in file RTE\Device\MAX32625\startup_max32625.s
      At line 225 in file RTE\Device\MAX32625\startup_max32625.s

PendSV_Handler 00000020

Symbol: PendSV_Handler
   Definitions
      At line 210 in file RTE\Device\MAX32625\startup_max32625.s
   Uses
      At line 87 in file RTE\Device\MAX32625\startup_max32625.s
      At line 211 in file RTE\Device\MAX32625\startup_max32625.s

RTC0_IRQHandler 00000024

Symbol: RTC0_IRQHandler
   Definitions
      At line 280 in file RTE\Device\MAX32625\startup_max32625.s
   Uses
      At line 94 in file RTE\Device\MAX32625\startup_max32625.s
      At line 227 in file RTE\Device\MAX32625\startup_max32625.s

RTC1_IRQHandler 00000024

Symbol: RTC1_IRQHandler
   Definitions
      At line 281 in file RTE\Device\MAX32625\startup_max32625.s
   Uses
      At line 95 in file RTE\Device\MAX32625\startup_max32625.s
      At line 228 in file RTE\Device\MAX32625\startup_max32625.s

RTC2_IRQHandler 00000024

Symbol: RTC2_IRQHandler
   Definitions
      At line 282 in file RTE\Device\MAX32625\startup_max32625.s
   Uses
      At line 96 in file RTE\Device\MAX32625\startup_max32625.s
      At line 229 in file RTE\Device\MAX32625\startup_max32625.s



ARM Macro Assembler    Page 6 Alphabetic symbol ordering
Relocatable symbols


RTC3_IRQHandler 00000024

Symbol: RTC3_IRQHandler
   Definitions
      At line 283 in file RTE\Device\MAX32625\startup_max32625.s
   Uses
      At line 97 in file RTE\Device\MAX32625\startup_max32625.s
      At line 230 in file RTE\Device\MAX32625\startup_max32625.s

Reset_Handler 00000000

Symbol: Reset_Handler
   Definitions
      At line 149 in file RTE\Device\MAX32625\startup_max32625.s
   Uses
      At line 74 in file RTE\Device\MAX32625\startup_max32625.s
      At line 150 in file RTE\Device\MAX32625\startup_max32625.s

SPIB_IRQHandler 00000024

Symbol: SPIB_IRQHandler
   Definitions
      At line 323 in file RTE\Device\MAX32625\startup_max32625.s
   Uses
      At line 137 in file RTE\Device\MAX32625\startup_max32625.s
      At line 270 in file RTE\Device\MAX32625\startup_max32625.s

SPIM0_IRQHandler 00000024

Symbol: SPIM0_IRQHandler
   Definitions
      At line 320 in file RTE\Device\MAX32625\startup_max32625.s
   Uses
      At line 134 in file RTE\Device\MAX32625\startup_max32625.s
      At line 267 in file RTE\Device\MAX32625\startup_max32625.s

SPIM1_IRQHandler 00000024

Symbol: SPIM1_IRQHandler
   Definitions
      At line 321 in file RTE\Device\MAX32625\startup_max32625.s
   Uses
      At line 135 in file RTE\Device\MAX32625\startup_max32625.s
      At line 268 in file RTE\Device\MAX32625\startup_max32625.s

SPIM2_IRQHandler 00000024

Symbol: SPIM2_IRQHandler
   Definitions
      At line 322 in file RTE\Device\MAX32625\startup_max32625.s
   Uses
      At line 136 in file RTE\Device\MAX32625\startup_max32625.s
      At line 269 in file RTE\Device\MAX32625\startup_max32625.s

SPIS_IRQHandler 00000024

Symbol: SPIS_IRQHandler
   Definitions



ARM Macro Assembler    Page 7 Alphabetic symbol ordering
Relocatable symbols

      At line 326 in file RTE\Device\MAX32625\startup_max32625.s
   Uses
      At line 140 in file RTE\Device\MAX32625\startup_max32625.s
      At line 273 in file RTE\Device\MAX32625\startup_max32625.s

SVC_Handler 0000001C

Symbol: SVC_Handler
   Definitions
      At line 198 in file RTE\Device\MAX32625\startup_max32625.s
   Uses
      At line 84 in file RTE\Device\MAX32625\startup_max32625.s
      At line 199 in file RTE\Device\MAX32625\startup_max32625.s

SysTick_Handler 00000022

Symbol: SysTick_Handler
   Definitions
      At line 216 in file RTE\Device\MAX32625\startup_max32625.s
   Uses
      At line 88 in file RTE\Device\MAX32625\startup_max32625.s
      At line 217 in file RTE\Device\MAX32625\startup_max32625.s

TMR0_IRQHandler 00000024

Symbol: TMR0_IRQHandler
   Definitions
      At line 299 in file RTE\Device\MAX32625\startup_max32625.s
   Uses
      At line 113 in file RTE\Device\MAX32625\startup_max32625.s
      At line 246 in file RTE\Device\MAX32625\startup_max32625.s

TMR16_0_IRQHandler 00000024

Symbol: TMR16_0_IRQHandler
   Definitions
      At line 300 in file RTE\Device\MAX32625\startup_max32625.s
   Uses
      At line 114 in file RTE\Device\MAX32625\startup_max32625.s
      At line 247 in file RTE\Device\MAX32625\startup_max32625.s

TMR16_1_IRQHandler 00000024

Symbol: TMR16_1_IRQHandler
   Definitions
      At line 302 in file RTE\Device\MAX32625\startup_max32625.s
   Uses
      At line 116 in file RTE\Device\MAX32625\startup_max32625.s
      At line 249 in file RTE\Device\MAX32625\startup_max32625.s

TMR16_2_IRQHandler 00000024

Symbol: TMR16_2_IRQHandler
   Definitions
      At line 304 in file RTE\Device\MAX32625\startup_max32625.s
   Uses
      At line 118 in file RTE\Device\MAX32625\startup_max32625.s
      At line 251 in file RTE\Device\MAX32625\startup_max32625.s




ARM Macro Assembler    Page 8 Alphabetic symbol ordering
Relocatable symbols

TMR16_3_IRQHandler 00000024

Symbol: TMR16_3_IRQHandler
   Definitions
      At line 306 in file RTE\Device\MAX32625\startup_max32625.s
   Uses
      At line 120 in file RTE\Device\MAX32625\startup_max32625.s
      At line 253 in file RTE\Device\MAX32625\startup_max32625.s

TMR16_4_IRQHandler 00000024

Symbol: TMR16_4_IRQHandler
   Definitions
      At line 308 in file RTE\Device\MAX32625\startup_max32625.s
   Uses
      At line 122 in file RTE\Device\MAX32625\startup_max32625.s
      At line 255 in file RTE\Device\MAX32625\startup_max32625.s

TMR16_5_IRQHandler 00000024

Symbol: TMR16_5_IRQHandler
   Definitions
      At line 310 in file RTE\Device\MAX32625\startup_max32625.s
   Uses
      At line 124 in file RTE\Device\MAX32625\startup_max32625.s
      At line 257 in file RTE\Device\MAX32625\startup_max32625.s

TMR1_IRQHandler 00000024

Symbol: TMR1_IRQHandler
   Definitions
      At line 301 in file RTE\Device\MAX32625\startup_max32625.s
   Uses
      At line 115 in file RTE\Device\MAX32625\startup_max32625.s
      At line 248 in file RTE\Device\MAX32625\startup_max32625.s

TMR2_IRQHandler 00000024

Symbol: TMR2_IRQHandler
   Definitions
      At line 303 in file RTE\Device\MAX32625\startup_max32625.s
   Uses
      At line 117 in file RTE\Device\MAX32625\startup_max32625.s
      At line 250 in file RTE\Device\MAX32625\startup_max32625.s

TMR3_IRQHandler 00000024

Symbol: TMR3_IRQHandler
   Definitions
      At line 305 in file RTE\Device\MAX32625\startup_max32625.s
   Uses
      At line 119 in file RTE\Device\MAX32625\startup_max32625.s
      At line 252 in file RTE\Device\MAX32625\startup_max32625.s

TMR4_IRQHandler 00000024

Symbol: TMR4_IRQHandler
   Definitions
      At line 307 in file RTE\Device\MAX32625\startup_max32625.s



ARM Macro Assembler    Page 9 Alphabetic symbol ordering
Relocatable symbols

   Uses
      At line 121 in file RTE\Device\MAX32625\startup_max32625.s
      At line 254 in file RTE\Device\MAX32625\startup_max32625.s

TMR5_IRQHandler 00000024

Symbol: TMR5_IRQHandler
   Definitions
      At line 309 in file RTE\Device\MAX32625\startup_max32625.s
   Uses
      At line 123 in file RTE\Device\MAX32625\startup_max32625.s
      At line 256 in file RTE\Device\MAX32625\startup_max32625.s

UART0_IRQHandler 00000024

Symbol: UART0_IRQHandler
   Definitions
      At line 311 in file RTE\Device\MAX32625\startup_max32625.s
   Uses
      At line 125 in file RTE\Device\MAX32625\startup_max32625.s
      At line 258 in file RTE\Device\MAX32625\startup_max32625.s

UART1_IRQHandler 00000024

Symbol: UART1_IRQHandler
   Definitions
      At line 312 in file RTE\Device\MAX32625\startup_max32625.s
   Uses
      At line 126 in file RTE\Device\MAX32625\startup_max32625.s
      At line 259 in file RTE\Device\MAX32625\startup_max32625.s

UART2_IRQHandler 00000024

Symbol: UART2_IRQHandler
   Definitions
      At line 313 in file RTE\Device\MAX32625\startup_max32625.s
   Uses
      At line 127 in file RTE\Device\MAX32625\startup_max32625.s
      At line 260 in file RTE\Device\MAX32625\startup_max32625.s

UART3_IRQHandler 00000024

Symbol: UART3_IRQHandler
   Definitions
      At line 314 in file RTE\Device\MAX32625\startup_max32625.s
   Uses
      At line 128 in file RTE\Device\MAX32625\startup_max32625.s
      At line 261 in file RTE\Device\MAX32625\startup_max32625.s

USB_IRQHandler 00000024

Symbol: USB_IRQHandler
   Definitions
      At line 285 in file RTE\Device\MAX32625\startup_max32625.s
   Uses
      At line 99 in file RTE\Device\MAX32625\startup_max32625.s
      At line 232 in file RTE\Device\MAX32625\startup_max32625.s

UsageFault_Handler 0000001A



ARM Macro Assembler    Page 10 Alphabetic symbol ordering
Relocatable symbols


Symbol: UsageFault_Handler
   Definitions
      At line 192 in file RTE\Device\MAX32625\startup_max32625.s
   Uses
      At line 79 in file RTE\Device\MAX32625\startup_max32625.s
      At line 193 in file RTE\Device\MAX32625\startup_max32625.s

WDT0_IRQHandler 00000024

Symbol: WDT0_IRQHandler
   Definitions
      At line 288 in file RTE\Device\MAX32625\startup_max32625.s
   Uses
      At line 102 in file RTE\Device\MAX32625\startup_max32625.s
      At line 235 in file RTE\Device\MAX32625\startup_max32625.s

WDT0_P_IRQHandler 00000024

Symbol: WDT0_P_IRQHandler
   Definitions
      At line 289 in file RTE\Device\MAX32625\startup_max32625.s
   Uses
      At line 103 in file RTE\Device\MAX32625\startup_max32625.s
      At line 236 in file RTE\Device\MAX32625\startup_max32625.s

WDT1_IRQHandler 00000024

Symbol: WDT1_IRQHandler
   Definitions
      At line 290 in file RTE\Device\MAX32625\startup_max32625.s
   Uses
      At line 104 in file RTE\Device\MAX32625\startup_max32625.s
      At line 237 in file RTE\Device\MAX32625\startup_max32625.s

WDT1_P_IRQHandler 00000024

Symbol: WDT1_P_IRQHandler
   Definitions
      At line 291 in file RTE\Device\MAX32625\startup_max32625.s
   Uses
      At line 105 in file RTE\Device\MAX32625\startup_max32625.s
      At line 238 in file RTE\Device\MAX32625\startup_max32625.s

__SPIN 0000000C

Symbol: __SPIN
   Definitions
      At line 161 in file RTE\Device\MAX32625\startup_max32625.s
   Uses
      At line 163 in file RTE\Device\MAX32625\startup_max32625.s
Comment: __SPIN used once
65 symbols



ARM Macro Assembler    Page 1 Alphabetic symbol ordering
Absolute symbols

Heap_Size 00000800

Symbol: Heap_Size
   Definitions
      At line 53 in file RTE\Device\MAX32625\startup_max32625.s
   Uses
      At line 57 in file RTE\Device\MAX32625\startup_max32625.s
Comment: Heap_Size used once
Stack_Size 00000800

Symbol: Stack_Size
   Definitions
      At line 43 in file RTE\Device\MAX32625\startup_max32625.s
   Uses
      At line 46 in file RTE\Device\MAX32625\startup_max32625.s
Comment: Stack_Size used once
__Vectors_Size 00000110

Symbol: __Vectors_Size
   Definitions
      At line 145 in file RTE\Device\MAX32625\startup_max32625.s
   Uses
      At line 68 in file RTE\Device\MAX32625\startup_max32625.s
Comment: __Vectors_Size used once
3 symbols



ARM Macro Assembler    Page 1 Alphabetic symbol ordering
External symbols

PreInit 00000000

Symbol: PreInit
   Definitions
      At line 151 in file RTE\Device\MAX32625\startup_max32625.s
   Uses
      At line 155 in file RTE\Device\MAX32625\startup_max32625.s
Comment: PreInit used once
SystemInit 00000000

Symbol: SystemInit
   Definitions
      At line 152 in file RTE\Device\MAX32625\startup_max32625.s
   Uses
      At line 157 in file RTE\Device\MAX32625\startup_max32625.s
Comment: SystemInit used once
__main 00000000

Symbol: __main
   Definitions
      At line 153 in file RTE\Device\MAX32625\startup_max32625.s
   Uses
      At line 159 in file RTE\Device\MAX32625\startup_max32625.s
Comment: __main used once
3 symbols
419 symbols in table
